<?xml version="1.0" encoding="UTF-8"?>
<!-- Generated by org.testng.reporters.JUnitReportReporter -->
<testsuite hostname="NeverSame" failures="0" tests="9" name="com.pseudofunc.tests.vendorportal.VendorPortalTest" time="12.942" errors="0" timestamp="2024-05-04T17:29:06 IST" skipped="0">
  <testcase classname="com.pseudofunc.tests.vendorportal.VendorPortalTest" name="loginTest" time="0.971"/>
  <testcase classname="com.pseudofunc.tests.vendorportal.VendorPortalTest" name="dashboardTest" time="2.742"/>
  <testcase classname="com.pseudofunc.tests.vendorportal.VendorPortalTest" name="loginTest" time="1.010"/>
  <testcase classname="com.pseudofunc.tests.vendorportal.VendorPortalTest" name="dashboardTest" time="1.624"/>
  <testcase classname="com.pseudofunc.tests.vendorportal.VendorPortalTest" name="dashboardTest" time="3.133"/>
  <testcase classname="com.pseudofunc.tests.vendorportal.VendorPortalTest" name="logoutTest" time="0.856"/>
  <testcase classname="com.pseudofunc.tests.vendorportal.VendorPortalTest" name="loginTest" time="0.876"/>
  <testcase classname="com.pseudofunc.tests.vendorportal.VendorPortalTest" name="logoutTest" time="0.866"/>
  <testcase classname="com.pseudofunc.tests.vendorportal.VendorPortalTest" name="logoutTest" time="0.864"/>
</testsuite> <!-- com.pseudofunc.tests.vendorportal.VendorPortalTest -->
