<?xml version="1.0" encoding="UTF-8"?>
<!-- Generated by org.testng.reporters.JUnitReportReporter -->
<testsuite hostname="NeverSame" failures="0" tests="20" name="com.pseudofunc.tests.flightreservation.FlightReservationTest" time="26.751" errors="0" timestamp="2024-05-04T17:28:29 IST" skipped="0">
  <testcase classname="com.pseudofunc.tests.flightreservation.FlightReservationTest" name="registrationConfirmationTest" time="0.642"/>
  <testcase classname="com.pseudofunc.tests.flightreservation.FlightReservationTest" name="flightSelectionTest" time="1.245"/>
  <testcase classname="com.pseudofunc.tests.flightreservation.FlightReservationTest" name="flightReservationConfirmationTest" time="1.139"/>
  <testcase classname="com.pseudofunc.tests.flightreservation.FlightReservationTest" name="flightSelectionTest" time="1.272"/>
  <testcase classname="com.pseudofunc.tests.flightreservation.FlightReservationTest" name="userRegistrationTest" time="1.265"/>
  <testcase classname="com.pseudofunc.tests.flightreservation.FlightReservationTest" name="flightSelectionTest" time="1.249"/>
  <testcase classname="com.pseudofunc.tests.flightreservation.FlightReservationTest" name="flightReservationConfirmationTest" time="2.208"/>
  <testcase classname="com.pseudofunc.tests.flightreservation.FlightReservationTest" name="userRegistrationTest" time="1.285"/>
  <testcase classname="com.pseudofunc.tests.flightreservation.FlightReservationTest" name="flightSearchTest" time="0.754"/>
  <testcase classname="com.pseudofunc.tests.flightreservation.FlightReservationTest" name="userRegistrationTest" time="1.320"/>
  <testcase classname="com.pseudofunc.tests.flightreservation.FlightReservationTest" name="registrationConfirmationTest" time="1.731"/>
  <testcase classname="com.pseudofunc.tests.flightreservation.FlightReservationTest" name="flightReservationConfirmationTest" time="0.615"/>
  <testcase classname="com.pseudofunc.tests.flightreservation.FlightReservationTest" name="registrationConfirmationTest" time="1.213"/>
  <testcase classname="com.pseudofunc.tests.flightreservation.FlightReservationTest" name="registrationConfirmationTest" time="2.256"/>
  <testcase classname="com.pseudofunc.tests.flightreservation.FlightReservationTest" name="flightSelectionTest" time="0.725"/>
  <testcase classname="com.pseudofunc.tests.flightreservation.FlightReservationTest" name="flightSearchTest" time="1.805"/>
  <testcase classname="com.pseudofunc.tests.flightreservation.FlightReservationTest" name="flightSearchTest" time="1.803"/>
  <testcase classname="com.pseudofunc.tests.flightreservation.FlightReservationTest" name="flightSearchTest" time="1.819"/>
  <testcase classname="com.pseudofunc.tests.flightreservation.FlightReservationTest" name="flightReservationConfirmationTest" time="1.139"/>
  <testcase classname="com.pseudofunc.tests.flightreservation.FlightReservationTest" name="userRegistrationTest" time="1.266"/>
</testsuite> <!-- com.pseudofunc.tests.flightreservation.FlightReservationTest -->
