<?xml version="1.0" encoding="UTF-8"?>
<!-- Generated by org.testng.reporters.JUnitReportReporter -->
<testsuite hostname="NeverSame" failures="0" tests="3" name="com.pseudofunc.tests.vendorportal.VendorPortalTest" time="4.420" errors="0" timestamp="2024-05-04T01:33:21 IST" skipped="0">
  <testcase classname="com.pseudofunc.tests.vendorportal.VendorPortalTest" name="loginTest" time="1.045"/>
  <testcase classname="com.pseudofunc.tests.vendorportal.VendorPortalTest" name="dashboardTest" time="2.006"/>
  <testcase classname="com.pseudofunc.tests.vendorportal.VendorPortalTest" name="logoutTest" time="1.369"/>
</testsuite> <!-- com.pseudofunc.tests.vendorportal.VendorPortalTest -->
