<?xml version="1.0" encoding="UTF-8"?>
<!-- Generated by org.testng.reporters.JUnitReportReporter -->
<testsuite hostname="NeverSame" failures="0" tests="5" name="com.pseudofunc.tests.FlightReservationTest" time="6.900" errors="0" timestamp="2024-05-02T22:34:42 IST" skipped="0">
  <testcase classname="com.pseudofunc.tests.FlightReservationTest" name="registrationConfirmationTest" time="2.218"/>
  <testcase classname="com.pseudofunc.tests.FlightReservationTest" name="flightSelectionTest" time="0.732"/>
  <testcase classname="com.pseudofunc.tests.FlightReservationTest" name="userRegistrationTest" time="1.492"/>
  <testcase classname="com.pseudofunc.tests.FlightReservationTest" name="flightReservationConfirmationTest" time="1.164"/>
  <testcase classname="com.pseudofunc.tests.FlightReservationTest" name="flightSearchTest" time="1.294"/>
</testsuite> <!-- com.pseudofunc.tests.FlightReservationTest -->
