<?xml version="1.0" encoding="UTF-8"?>
<!-- Generated by org.testng.reporters.JUnitReportReporter -->
<testsuite hostname="NeverSame" failures="0" tests="20" name="com.pseudofunc.tests.FlightReservationTest" time="26.117" errors="0" timestamp="2024-05-03T13:46:23 IST" skipped="0">
  <testcase classname="com.pseudofunc.tests.FlightReservationTest" name="flightSelectionTest" time="0.740"/>
  <testcase classname="com.pseudofunc.tests.FlightReservationTest" name="flightSearchTest" time="0.205"/>
  <testcase classname="com.pseudofunc.tests.FlightReservationTest" name="flightSearchTest" time="1.784"/>
  <testcase classname="com.pseudofunc.tests.FlightReservationTest" name="userRegistrationTest" time="1.248"/>
  <testcase classname="com.pseudofunc.tests.FlightReservationTest" name="flightSelectionTest" time="1.772"/>
  <testcase classname="com.pseudofunc.tests.FlightReservationTest" name="registrationConfirmationTest" time="0.643"/>
  <testcase classname="com.pseudofunc.tests.FlightReservationTest" name="userRegistrationTest" time="1.279"/>
  <testcase classname="com.pseudofunc.tests.FlightReservationTest" name="flightReservationConfirmationTest" time="2.215"/>
  <testcase classname="com.pseudofunc.tests.FlightReservationTest" name="flightReservationConfirmationTest" time="1.689"/>
  <testcase classname="com.pseudofunc.tests.FlightReservationTest" name="flightSelectionTest" time="1.780"/>
  <testcase classname="com.pseudofunc.tests.FlightReservationTest" name="registrationConfirmationTest" time="1.706"/>
  <testcase classname="com.pseudofunc.tests.FlightReservationTest" name="flightSearchTest" time="0.735"/>
  <testcase classname="com.pseudofunc.tests.FlightReservationTest" name="registrationConfirmationTest" time="1.699"/>
  <testcase classname="com.pseudofunc.tests.FlightReservationTest" name="flightReservationConfirmationTest" time="1.154"/>
  <testcase classname="com.pseudofunc.tests.FlightReservationTest" name="registrationConfirmationTest" time="0.629"/>
  <testcase classname="com.pseudofunc.tests.FlightReservationTest" name="flightSearchTest" time="1.794"/>
  <testcase classname="com.pseudofunc.tests.FlightReservationTest" name="userRegistrationTest" time="1.238"/>
  <testcase classname="com.pseudofunc.tests.FlightReservationTest" name="flightSelectionTest" time="1.771"/>
  <testcase classname="com.pseudofunc.tests.FlightReservationTest" name="flightReservationConfirmationTest" time="0.627"/>
  <testcase classname="com.pseudofunc.tests.FlightReservationTest" name="userRegistrationTest" time="1.409"/>
</testsuite> <!-- com.pseudofunc.tests.FlightReservationTest -->
